<?xml version="1.0"?><coverage lines-covered="1074" lines-valid="1772" line-rate="0.6060948081264108" branches-covered="0" branches-valid="0" branch-rate="0" complexity="0" version="1.9" timestamp="1752105467"><sources><source>/Users/anthony/ordinator</source></sources><packages><package name="src" line-rate="0.6060948081264108" branch-rate="0" complexity="0"><classes><class name="bootstrap" filename="src/bootstrap.rs" line-rate="0.6699029126213593" branch-rate="0" complexity="0"><methods/><lines><line number="24" hits="44"/><line number="29" hits="24"/><line number="35" hits="59"/><line number="39" hits="7"/><line number="44" hits="2"/><line number="45" hits="1"/><line number="48" hits="2"/><line number="52" hits="9"/><line number="53" hits="0"/><line number="54" hits="0"/><line number="59" hits="9"/><line number="60" hits="7"/><line number="61" hits="1"/><line number="62" hits="1"/><line number="63" hits="1"/><line number="64" hits="1"/><line number="73" hits="16"/><line number="75" hits="0"/><line number="76" hits="0"/><line number="77" hits="0"/><line number="78" hits="0"/><line number="83" hits="8"/><line number="85" hits="24"/><line number="86" hits="13"/><line number="91" hits="19"/><line number="92" hits="19"/><line number="93" hits="2"/><line number="96" hits="50"/><line number="97" hits="21"/><line number="103" hits="9"/><line number="104" hits="18"/><line number="105" hits="9"/><line number="106" hits="0"/><line number="111" hits="25"/><line number="113" hits="50"/><line number="114" hits="25"/><line number="115" hits="50"/><line number="116" hits="25"/><line number="117" hits="25"/><line number="119" hits="197"/><line number="120" hits="352"/><line number="121" hits="4"/><line number="126" hits="21"/><line number="127" hits="58"/><line number="128" hits="84"/><line number="129" hits="5"/><line number="134" hits="16"/><line number="139" hits="97"/><line number="140" hits="168"/><line number="141" hits="3"/><line number="145" hits="13"/><line number="149" hits="8"/><line number="150" hits="8"/><line number="174" hits="5"/><line number="175" hits="5"/><line number="176" hits="5"/><line number="177" hits="1"/><line number="178" hits="1"/><line number="181" hits="0"/><line number="182" hits="2"/><line number="183" hits="2"/><line number="184" hits="2"/><line number="189" hits="8"/><line number="190" hits="2"/><line number="191" hits="0"/><line number="192" hits="0"/><line number="197" hits="2"/><line number="198" hits="0"/><line number="200" hits="0"/><line number="201" hits="0"/><line number="202" hits="0"/><line number="205" hits="0"/><line number="206" hits="0"/><line number="207" hits="0"/><line number="208" hits="0"/><line number="212" hits="0"/><line number="213" hits="1"/><line number="214" hits="0"/><line number="215" hits="0"/><line number="216" hits="0"/><line number="217" hits="0"/><line number="218" hits="0"/><line number="219" hits="0"/><line number="223" hits="1"/><line number="224" hits="0"/><line number="225" hits="0"/><line number="227" hits="1"/><line number="231" hits="1"/><line number="232" hits="1"/><line number="233" hits="1"/><line number="234" hits="0"/><line number="235" hits="0"/><line number="238" hits="0"/><line number="242" hits="1"/><line number="243" hits="1"/><line number="244" hits="1"/><line number="245" hits="0"/><line number="246" hits="0"/><line number="249" hits="0"/><line number="252" hits="0"/><line number="256" hits="1"/><line number="261" hits="1"/><line number="263" hits="1"/></lines></class><class name="brew" filename="src/brew.rs" line-rate="0.6024096385542169" branch-rate="0" complexity="0"><methods/><lines><line number="12" hits="21"/><line number="17" hits="8"/><line number="18" hits="6"/><line number="20" hits="12"/><line number="22" hits="3"/><line number="25" hits="2"/><line number="26" hits="4"/><line number="27" hits="4"/><line number="31" hits="1"/><line number="38" hits="24"/><line number="39" hits="22"/><line number="41" hits="23"/><line number="42" hits="24"/><line number="43" hits="14"/><line number="47" hits="22"/><line number="48" hits="21"/><line number="49" hits="11"/><line number="54" hits="0"/><line number="55" hits="0"/><line number="56" hits="0"/><line number="61" hits="0"/><line number="62" hits="0"/><line number="63" hits="0"/><line number="64" hits="0"/><line number="68" hits="0"/><line number="69" hits="0"/><line number="76" hits="3"/><line number="77" hits="5"/><line number="78" hits="6"/><line number="79" hits="5"/><line number="83" hits="4"/><line number="87" hits="4"/><line number="95" hits="8"/><line number="96" hits="8"/><line number="97" hits="8"/><line number="100" hits="12"/><line number="101" hits="4"/><line number="103" hits="4"/><line number="106" hits="12"/><line number="107" hits="4"/><line number="109" hits="391"/><line number="111" hits="391"/><line number="112" hits="391"/><line number="113" hits="391"/><line number="114" hits="391"/><line number="115" hits="391"/><line number="122" hits="8"/><line number="125" hits="0"/><line number="128" hits="12"/><line number="129" hits="4"/><line number="131" hits="51"/><line number="133" hits="51"/><line number="134" hits="51"/><line number="135" hits="51"/><line number="136" hits="51"/><line number="137" hits="51"/><line number="143" hits="4"/><line number="147" hits="0"/><line number="148" hits="0"/><line number="149" hits="0"/><line number="150" hits="0"/><line number="156" hits="0"/><line number="159" hits="0"/><line number="162" hits="0"/><line number="164" hits="0"/><line number="167" hits="0"/><line number="169" hits="0"/><line number="170" hits="0"/><line number="177" hits="0"/><line number="178" hits="0"/><line number="179" hits="0"/><line number="180" hits="0"/><line number="186" hits="0"/><line number="189" hits="0"/><line number="192" hits="0"/><line number="193" hits="0"/><line number="194" hits="0"/><line number="200" hits="0"/><line number="202" hits="0"/><line number="203" hits="0"/><line number="210" hits="15"/><line number="211" hits="15"/><line number="214" hits="43"/></lines></class><class name="cli" filename="src/cli.rs" line-rate="0.46731234866828086" branch-rate="0" complexity="0"><methods/><lines><line number="281" hits="478"/><line number="282" hits="478"/><line number="283" hits="239"/><line number="284" hits="239"/><line number="285" hits="478"/><line number="288" hits="478"/><line number="289" hits="9"/><line number="291" hits="230"/><line number="295" hits="478"/><line number="296" hits="478"/><line number="299" hits="478"/><line number="301" hits="239"/><line number="302" hits="6"/><line number="303" hits="6"/><line number="306" hits="239"/><line number="308" hits="120"/><line number="309" hits="0"/><line number="310" hits="0"/><line number="311" hits="0"/><line number="313" hits="28"/><line number="315" hits="28"/><line number="316" hits="28"/><line number="317" hits="28"/><line number="320" hits="0"/><line number="321" hits="0"/><line number="322" hits="0"/><line number="323" hits="0"/><line number="327" hits="46"/><line number="328" hits="0"/><line number="330" hits="10"/><line number="334" hits="0"/><line number="335" hits="28"/><line number="337" hits="0"/><line number="338" hits="0"/><line number="339" hits="0"/><line number="340" hits="0"/><line number="341" hits="0"/><line number="342" hits="0"/><line number="345" hits="184"/><line number="346" hits="184"/><line number="347" hits="92"/><line number="350" hits="92"/><line number="351" hits="1"/><line number="352" hits="1"/><line number="355" hits="2"/><line number="356" hits="1"/><line number="360" hits="91"/><line number="361" hits="182"/><line number="362" hits="0"/><line number="365" hits="0"/><line number="366" hits="0"/><line number="368" hits="0"/><line number="369" hits="86"/><line number="370" hits="258"/><line number="371" hits="0"/><line number="373" hits="5"/><line number="374" hits="5"/><line number="375" hits="5"/><line number="377" hits="5"/><line number="378" hits="5"/><line number="379" hits="5"/><line number="383" hits="182"/><line number="384" hits="0"/><line number="385" hits="0"/><line number="388" hits="64"/><line number="389" hits="64"/><line number="390" hits="60"/><line number="391" hits="0"/><line number="392" hits="1"/><line number="393" hits="1"/><line number="394" hits="1"/><line number="395" hits="1"/><line number="399" hits="124"/><line number="400" hits="0"/><line number="401" hits="2"/><line number="402" hits="2"/><line number="403" hits="2"/><line number="406" hits="0"/><line number="407" hits="2"/><line number="408" hits="1"/><line number="410" hits="0"/><line number="411" hits="0"/><line number="412" hits="3"/><line number="414" hits="125"/><line number="415" hits="25"/><line number="418" hits="25"/><line number="419" hits="75"/><line number="421" hits="25"/><line number="422" hits="25"/><line number="423" hits="50"/><line number="424" hits="50"/><line number="427" hits="50"/><line number="428" hits="25"/><line number="429" hits="0"/><line number="430" hits="14"/><line number="431" hits="14"/><line number="432" hits="7"/><line number="433" hits="0"/><line number="435" hits="0"/><line number="436" hits="0"/><line number="439" hits="7"/><line number="440" hits="7"/><line number="442" hits="14"/><line number="445" hits="0"/><line number="446" hits="0"/><line number="447" hits="0"/><line number="453" hits="0"/><line number="454" hits="0"/><line number="456" hits="0"/><line number="457" hits="0"/><line number="458" hits="0"/><line number="460" hits="0"/><line number="461" hits="0"/><line number="462" hits="0"/><line number="463" hits="0"/><line number="467" hits="0"/><line number="468" hits="0"/><line number="469" hits="0"/><line number="471" hits="14"/><line number="472" hits="14"/><line number="473" hits="14"/><line number="475" hits="7"/><line number="476" hits="0"/><line number="477" hits="0"/><line number="478" hits="0"/><line number="481" hits="0"/><line number="482" hits="1"/><line number="483" hits="0"/><line number="487" hits="12"/><line number="488" hits="0"/><line number="489" hits="0"/><line number="490" hits="0"/><line number="491" hits="0"/><line number="492" hits="0"/><line number="497" hits="4"/><line number="498" hits="3"/><line number="499" hits="0"/><line number="501" hits="0"/><line number="502" hits="0"/><line number="503" hits="0"/><line number="504" hits="0"/><line number="507" hits="0"/><line number="508" hits="0"/><line number="511" hits="9"/><line number="512" hits="17"/><line number="513" hits="0"/><line number="514" hits="0"/><line number="515" hits="4"/><line number="516" hits="8"/><line number="517" hits="4"/><line number="518" hits="0"/><line number="519" hits="0"/><line number="521" hits="0"/><line number="522" hits="3"/><line number="523" hits="12"/><line number="524" hits="3"/><line number="525" hits="3"/><line number="527" hits="6"/><line number="528" hits="3"/><line number="529" hits="0"/><line number="531" hits="0"/><line number="532" hits="0"/><line number="537" hits="0"/><line number="538" hits="0"/><line number="539" hits="0"/><line number="540" hits="0"/><line number="541" hits="0"/><line number="547" hits="0"/><line number="548" hits="0"/><line number="554" hits="0"/><line number="555" hits="0"/><line number="556" hits="1"/><line number="557" hits="0"/><line number="558" hits="0"/><line number="559" hits="0"/><line number="563" hits="3"/><line number="564" hits="6"/><line number="565" hits="0"/><line number="566" hits="0"/><line number="568" hits="22"/><line number="569" hits="44"/><line number="570" hits="44"/><line number="572" hits="11"/><line number="573" hits="0"/><line number="574" hits="0"/><line number="575" hits="0"/><line number="577" hits="0"/><line number="578" hits="0"/><line number="579" hits="0"/><line number="581" hits="0"/><line number="585" hits="11"/><line number="586" hits="0"/><line number="587" hits="0"/><line number="588" hits="0"/><line number="589" hits="0"/><line number="590" hits="0"/><line number="595" hits="18"/><line number="597" hits="0"/><line number="598" hits="0"/><line number="600" hits="8"/><line number="601" hits="4"/><line number="602" hits="4"/><line number="604" hits="0"/><line number="606" hits="5"/><line number="607" hits="5"/><line number="612" hits="4"/><line number="613" hits="8"/><line number="614" hits="0"/><line number="615" hits="0"/><line number="617" hits="2"/><line number="618" hits="8"/><line number="619" hits="8"/><line number="621" hits="2"/><line number="622" hits="0"/><line number="623" hits="0"/><line number="624" hits="0"/><line number="626" hits="0"/><line number="627" hits="0"/><line number="628" hits="0"/><line number="630" hits="0"/><line number="634" hits="2"/><line number="635" hits="0"/><line number="636" hits="0"/><line number="637" hits="0"/><line number="638" hits="0"/><line number="639" hits="0"/><line number="642" hits="0"/><line number="643" hits="0"/><line number="644" hits="0"/><line number="645" hits="0"/><line number="647" hits="2"/><line number="648" hits="8"/><line number="649" hits="8"/><line number="651" hits="2"/><line number="652" hits="0"/><line number="653" hits="0"/><line number="654" hits="0"/><line number="656" hits="0"/><line number="657" hits="0"/><line number="658" hits="0"/><line number="660" hits="0"/><line number="664" hits="2"/><line number="665" hits="0"/><line number="666" hits="0"/><line number="667" hits="0"/><line number="668" hits="0"/><line number="669" hits="0"/><line number="673" hits="0"/><line number="674" hits="0"/><line number="675" hits="0"/><line number="676" hits="0"/><line number="677" hits="0"/><line number="679" hits="13"/><line number="680" hits="52"/><line number="681" hits="13"/><line number="682" hits="24"/><line number="685" hits="13"/><line number="686" hits="0"/><line number="687" hits="0"/><line number="688" hits="0"/><line number="690" hits="0"/><line number="691" hits="0"/><line number="692" hits="0"/><line number="694" hits="0"/><line number="698" hits="13"/><line number="699" hits="0"/><line number="700" hits="0"/><line number="703" hits="0"/><line number="704" hits="0"/><line number="705" hits="6"/><line number="706" hits="3"/><line number="707" hits="8"/><line number="708" hits="0"/><line number="709" hits="0"/><line number="711" hits="5"/><line number="715" hits="8"/><line number="716" hits="4"/><line number="718" hits="4"/><line number="719" hits="0"/><line number="720" hits="0"/><line number="721" hits="0"/><line number="722" hits="0"/><line number="723" hits="0"/><line number="725" hits="6"/><line number="726" hits="6"/><line number="727" hits="0"/><line number="728" hits="8"/><line number="729" hits="0"/><line number="730" hits="0"/><line number="732" hits="0"/><line number="733" hits="0"/><line number="734" hits="0"/><line number="735" hits="2"/><line number="736" hits="0"/><line number="737" hits="0"/><line number="738" hits="2"/><line number="739" hits="3"/><line number="740" hits="1"/><line number="742" hits="0"/><line number="743" hits="0"/><line number="749" hits="0"/><line number="750" hits="0"/><line number="751" hits="0"/><line number="752" hits="0"/><line number="753" hits="0"/><line number="756" hits="8"/><line number="759" hits="15"/><line number="760" hits="15"/><line number="761" hits="15"/><line number="762" hits="15"/><line number="763" hits="15"/><line number="765" hits="30"/><line number="766" hits="0"/><line number="767" hits="1"/><line number="769" hits="28"/><line number="770" hits="28"/><line number="771" hits="14"/><line number="773" hits="14"/><line number="774" hits="0"/><line number="775" hits="0"/><line number="776" hits="0"/><line number="779" hits="14"/><line number="780" hits="2"/><line number="781" hits="2"/><line number="782" hits="1"/><line number="786" hits="14"/><line number="787" hits="0"/><line number="788" hits="0"/><line number="789" hits="0"/><line number="790" hits="0"/><line number="791" hits="0"/><line number="793" hits="0"/><line number="794" hits="0"/><line number="795" hits="0"/><line number="797" hits="0"/><line number="798" hits="0"/><line number="799" hits="0"/><line number="801" hits="0"/><line number="805" hits="0"/><line number="806" hits="0"/><line number="807" hits="0"/><line number="808" hits="0"/><line number="809" hits="0"/><line number="811" hits="0"/><line number="812" hits="0"/><line number="813" hits="0"/><line number="814" hits="0"/><line number="816" hits="0"/><line number="817" hits="0"/><line number="818" hits="0"/><line number="822" hits="0"/><line number="823" hits="14"/><line number="824" hits="0"/><line number="825" hits="0"/><line number="827" hits="0"/><line number="828" hits="0"/><line number="837" hits="14"/><line number="838" hits="0"/><line number="841" hits="0"/><line number="842" hits="0"/><line number="844" hits="0"/><line number="846" hits="11"/><line number="847" hits="0"/><line number="850" hits="11"/><line number="852" hits="33"/><line number="854" hits="22"/><line number="855" hits="33"/><line number="857" hits="11"/><line number="859" hits="3"/><line number="860" hits="0"/><line number="861" hits="0"/><line number="862" hits="0"/><line number="864" hits="0"/><line number="865" hits="0"/><line number="866" hits="0"/><line number="867" hits="0"/><line number="868" hits="0"/><line number="872" hits="0"/><line number="873" hits="0"/><line number="874" hits="0"/><line number="875" hits="0"/><line number="876" hits="0"/><line number="878" hits="6"/><line number="879" hits="3"/><line number="880" hits="3"/><line number="881" hits="3"/><line number="882" hits="3"/><line number="886" hits="3"/><line number="889" hits="8"/><line number="891" hits="8"/><line number="892" hits="0"/><line number="893" hits="3"/><line number="894" hits="0"/><line number="895" hits="0"/><line number="897" hits="0"/><line number="898" hits="0"/><line number="899" hits="0"/><line number="903" hits="5"/><line number="904" hits="5"/><line number="905" hits="5"/><line number="906" hits="10"/><line number="908" hits="5"/><line number="909" hits="0"/><line number="910" hits="0"/><line number="911" hits="0"/><line number="912" hits="0"/><line number="916" hits="0"/><line number="917" hits="0"/><line number="918" hits="0"/><line number="919" hits="0"/><line number="920" hits="0"/><line number="922" hits="10"/><line number="923" hits="5"/><line number="924" hits="5"/><line number="925" hits="5"/><line number="926" hits="5"/><line number="930" hits="5"/><line number="934" hits="0"/><line number="935" hits="0"/><line number="936" hits="0"/><line number="937" hits="0"/><line number="938" hits="0"/><line number="939" hits="0"/><line number="941" hits="0"/><line number="942" hits="0"/><line number="943" hits="0"/><line number="944" hits="0"/><line number="945" hits="0"/><line number="947" hits="0"/><line number="948" hits="0"/><line number="949" hits="0"/><line number="950" hits="0"/><line number="953" hits="0"/><line number="957" hits="0"/><line number="958" hits="0"/><line number="959" hits="0"/><line number="963" hits="0"/><line number="964" hits="0"/><line number="965" hits="0"/><line number="966" hits="0"/><line number="969" hits="0"/><line number="970" hits="0"/><line number="971" hits="0"/><line number="972" hits="0"/><line number="973" hits="0"/><line number="974" hits="0"/><line number="978" hits="0"/><line number="979" hits="0"/><line number="984" hits="11"/><line number="986" hits="11"/><line number="988" hits="1"/><line number="989" hits="0"/><line number="991" hits="0"/><line number="993" hits="0"/><line number="994" hits="1"/><line number="995" hits="0"/><line number="996" hits="1"/><line number="997" hits="1"/><line number="999" hits="0"/><line number="1000" hits="0"/><line number="1002" hits="0"/><line number="1003" hits="0"/><line number="1004" hits="0"/><line number="1007" hits="0"/><line number="1008" hits="0"/><line number="1009" hits="0"/><line number="1015" hits="0"/><line number="1016" hits="1"/><line number="1017" hits="1"/><line number="1021" hits="20"/><line number="1022" hits="10"/><line number="1024" hits="20"/><line number="1027" hits="0"/><line number="1031" hits="11"/><line number="1035" hits="10"/><line number="1036" hits="27"/><line number="1038" hits="18"/><line number="1039" hits="9"/><line number="1042" hits="45"/><line number="1043" hits="0"/><line number="1044" hits="0"/><line number="1046" hits="18"/><line number="1047" hits="9"/><line number="1050" hits="2"/><line number="1051" hits="1"/><line number="1053" hits="1"/><line number="1056" hits="2"/><line number="1057" hits="2"/><line number="1058" hits="1"/><line number="1062" hits="22"/><line number="1063" hits="11"/><line number="1064" hits="11"/><line number="1066" hits="0"/><line number="1068" hits="2"/><line number="1069" hits="2"/><line number="1070" hits="2"/><line number="1071" hits="1"/><line number="1074" hits="1"/><line number="1075" hits="0"/><line number="1076" hits="0"/><line number="1077" hits="0"/><line number="1081" hits="1"/><line number="1083" hits="1"/><line number="1084" hits="0"/><line number="1086" hits="0"/><line number="1087" hits="0"/><line number="1089" hits="1"/><line number="1092" hits="7"/><line number="1096" hits="0"/><line number="1097" hits="0"/><line number="1099" hits="7"/><line number="1100" hits="9"/><line number="1101" hits="3"/><line number="1102" hits="3"/><line number="1105" hits="5"/><line number="1106" hits="0"/><line number="1107" hits="0"/><line number="1109" hits="0"/><line number="1110" hits="0"/><line number="1111" hits="0"/><line number="1112" hits="0"/><line number="1115" hits="1"/><line number="1116" hits="0"/><line number="1117" hits="0"/><line number="1118" hits="0"/><line number="1120" hits="0"/><line number="1123" hits="0"/><line number="1124" hits="0"/><line number="1125" hits="0"/><line number="1126" hits="0"/><line number="1128" hits="0"/><line number="1130" hits="2"/><line number="1133" hits="1"/><line number="1134" hits="1"/><line number="1135" hits="1"/><line number="1137" hits="2"/><line number="1138" hits="1"/><line number="1139" hits="0"/><line number="1140" hits="0"/><line number="1141" hits="0"/><line number="1142" hits="0"/><line number="1144" hits="0"/><line number="1145" hits="0"/><line number="1146" hits="0"/><line number="1148" hits="0"/><line number="1149" hits="1"/><line number="1150" hits="0"/><line number="1151" hits="0"/><line number="1153" hits="0"/><line number="1154" hits="0"/><line number="1155" hits="0"/><line number="1156" hits="0"/><line number="1159" hits="0"/><line number="1163" hits="1"/><line number="1164" hits="1"/><line number="1165" hits="1"/><line number="1169" hits="1"/><line number="1170" hits="3"/><line number="1171" hits="1"/><line number="1172" hits="0"/><line number="1175" hits="1"/><line number="1176" hits="2"/><line number="1177" hits="1"/><line number="1178" hits="1"/><line number="1179" hits="1"/><line number="1180" hits="1"/><line number="1183" hits="0"/><line number="1185" hits="0"/><line number="1186" hits="0"/><line number="1192" hits="2"/><line number="1193" hits="1"/><line number="1195" hits="1"/><line number="1196" hits="0"/><line number="1198" hits="4"/><line number="1199" hits="4"/><line number="1200" hits="4"/><line number="1201" hits="8"/><line number="1203" hits="4"/><line number="1204" hits="4"/><line number="1205" hits="8"/><line number="1208" hits="4"/><line number="1209" hits="0"/><line number="1210" hits="0"/><line number="1211" hits="0"/><line number="1213" hits="0"/><line number="1214" hits="0"/><line number="1215" hits="0"/><line number="1217" hits="0"/><line number="1221" hits="4"/><line number="1222" hits="0"/><line number="1223" hits="0"/><line number="1224" hits="0"/><line number="1225" hits="0"/><line number="1228" hits="0"/><line number="1229" hits="21"/><line number="1230" hits="9"/><line number="1231" hits="0"/><line number="1232" hits="0"/><line number="1233" hits="0"/><line number="1234" hits="0"/><line number="1238" hits="0"/><line number="1240" hits="40"/><line number="1241" hits="4"/><line number="1242" hits="4"/><line number="1243" hits="0"/><line number="1244" hits="0"/><line number="1245" hits="0"/><line number="1246" hits="0"/><line number="1247" hits="1"/><line number="1248" hits="0"/><line number="1250" hits="6"/><line number="1251" hits="2"/><line number="1252" hits="2"/><line number="1254" hits="1"/><line number="1255" hits="0"/><line number="1256" hits="0"/><line number="1259" hits="2"/><line number="1261" hits="4"/><line number="1262" hits="8"/><line number="1263" hits="0"/><line number="1264" hits="0"/><line number="1265" hits="0"/><line number="1266" hits="0"/><line number="1267" hits="1"/><line number="1268" hits="0"/><line number="1270" hits="6"/><line number="1271" hits="2"/><line number="1272" hits="2"/><line number="1274" hits="1"/><line number="1275" hits="0"/><line number="1276" hits="0"/><line number="1279" hits="2"/><line number="1281" hits="2"/><line number="1282" hits="4"/><line number="1283" hits="0"/><line number="1284" hits="0"/><line number="1285" hits="2"/><line number="1286" hits="0"/><line number="1287" hits="0"/><line number="1288" hits="2"/><line number="1289" hits="5"/><line number="1290" hits="0"/><line number="1293" hits="1"/><line number="1294" hits="0"/><line number="1295" hits="5"/><line number="1296" hits="2"/><line number="1297" hits="0"/><line number="1300" hits="0"/><line number="1304" hits="2"/><line number="1305" hits="1"/><line number="1306" hits="1"/><line number="1308" hits="1"/><line number="1309" hits="0"/><line number="1310" hits="0"/><line number="1313" hits="1"/><line number="1315" hits="4"/><line number="1318" hits="3"/><line number="1319" hits="1"/><line number="1320" hits="0"/><line number="1322" hits="0"/><line number="1323" hits="1"/><line number="1324" hits="1"/><line number="1325" hits="1"/><line number="1328" hits="0"/><line number="1329" hits="0"/><line number="1330" hits="0"/><line number="1333" hits="1"/><line number="1335" hits="12"/><line number="1336" hits="12"/><line number="1337" hits="0"/><line number="1339" hits="0"/><line number="1340" hits="0"/><line number="1341" hits="0"/><line number="1342" hits="0"/><line number="1345" hits="7"/><line number="1346" hits="0"/><line number="1347" hits="1"/><line number="1348" hits="0"/><line number="1350" hits="2"/><line number="1352" hits="4"/><line number="1355" hits="28"/><line number="1359" hits="0"/><line number="1360" hits="0"/><line number="1362" hits="31"/><line number="1363" hits="13"/><line number="1364" hits="13"/><line number="1365" hits="13"/><line number="1368" hits="21"/><line number="1369" hits="0"/><line number="1370" hits="0"/><line number="1372" hits="4"/><line number="1373" hits="8"/><line number="1374" hits="4"/><line number="1375" hits="0"/><line number="1376" hits="3"/><line number="1377" hits="3"/><line number="1379" hits="0"/><line number="1380" hits="0"/><line number="1381" hits="0"/><line number="1382" hits="0"/><line number="1384" hits="0"/><line number="1385" hits="0"/><line number="1386" hits="0"/><line number="1391" hits="3"/><line number="1395" hits="0"/><line number="1396" hits="0"/><line number="1397" hits="0"/><line number="1406" hits="0"/><line number="1407" hits="8"/><line number="1408" hits="4"/><line number="1411" hits="2"/><line number="1412" hits="1"/><line number="1415" hits="1"/><line number="1417" hits="0"/><line number="1420" hits="0"/><line number="1421" hits="0"/><line number="1422" hits="0"/><line number="1425" hits="0"/><line number="1427" hits="0"/><line number="1428" hits="0"/><line number="1429" hits="0"/><line number="1432" hits="0"/><line number="1433" hits="0"/><line number="1437" hits="0"/><line number="1438" hits="0"/><line number="1439" hits="0"/><line number="1441" hits="16"/><line number="1442" hits="16"/><line number="1443" hits="15"/><line number="1444" hits="7"/><line number="1447" hits="16"/><line number="1448" hits="0"/><line number="1449" hits="1"/><line number="1452" hits="21"/><line number="1454" hits="21"/><line number="1457" hits="6"/><line number="1458" hits="35"/><line number="1460" hits="0"/><line number="1462" hits="5"/><line number="1463" hits="5"/><line number="1464" hits="5"/><line number="1468" hits="0"/><line number="1469" hits="1"/><line number="1470" hits="1"/><line number="1472" hits="1"/><line number="1473" hits="1"/><line number="1475" hits="0"/><line number="1476" hits="0"/><line number="1478" hits="4"/><line number="1479" hits="4"/><line number="1483" hits="0"/><line number="1485" hits="3"/><line number="1486" hits="3"/><line number="1487" hits="1"/><line number="1489" hits="1"/><line number="1490" hits="3"/><line number="1491" hits="3"/><line number="1493" hits="0"/><line number="1494" hits="0"/><line number="1496" hits="0"/><line number="1497" hits="0"/><line number="1502" hits="5"/><line number="1503" hits="5"/><line number="1504" hits="5"/><line number="1506" hits="0"/><line number="1507" hits="6"/><line number="1508" hits="6"/><line number="1511" hits="2"/><line number="1512" hits="1"/><line number="1514" hits="2"/><line number="1517" hits="7"/><line number="1519" hits="4"/><line number="1523" hits="4"/><line number="1524" hits="0"/><line number="1525" hits="0"/><line number="1526" hits="0"/><line number="1529" hits="4"/><line number="1531" hits="2"/><line number="1533" hits="0"/><line number="1535" hits="2"/><line number="1536" hits="2"/><line number="1537" hits="2"/><line number="1540" hits="2"/><line number="1542" hits="0"/><line number="1543" hits="0"/><line number="1547" hits="10"/><line number="1548" hits="2"/><line number="1549" hits="2"/><line number="1550" hits="0"/><line number="1552" hits="0"/><line number="1553" hits="0"/><line number="1554" hits="0"/><line number="1557" hits="2"/><line number="1558" hits="0"/><line number="1559" hits="0"/><line number="1562" hits="0"/><line number="1563" hits="0"/><line number="1566" hits="0"/><line number="1567" hits="0"/><line number="1569" hits="2"/><line number="1571" hits="4"/><line number="1572" hits="2"/><line number="1575" hits="0"/><line number="1578" hits="1"/><line number="1582" hits="2"/><line number="1583" hits="2"/><line number="1584" hits="1"/><line number="1587" hits="2"/><line number="1589" hits="0"/><line number="1590" hits="0"/><line number="1593" hits="3"/><line number="1594" hits="4"/><line number="1596" hits="2"/><line number="1597" hits="1"/><line number="1598" hits="1"/><line number="1602" hits="0"/><line number="1605" hits="1"/><line number="1608" hits="2"/><line number="1609" hits="2"/><line number="1610" hits="1"/><line number="1613" hits="2"/><line number="1615" hits="0"/><line number="1616" hits="0"/><line number="1619" hits="3"/><line number="1620" hits="4"/><line number="1622" hits="1"/></lines></class><class name="config" filename="src/config.rs" line-rate="0.7467532467532467" branch-rate="0" complexity="0"><methods/><lines><line number="43" hits="149"/><line number="45" hits="298"/><line number="47" hits="149"/><line number="48" hits="149"/><line number="124" hits="118"/><line number="125" hits="354"/><line number="126" hits="118"/><line number="128" hits="109"/><line number="129" hits="36"/><line number="135" hits="120"/><line number="136" hits="120"/><line number="137" hits="360"/><line number="140" hits="120"/><line number="142" hits="0"/><line number="145" hits="120"/><line number="146" hits="0"/><line number="148" hits="120"/><line number="152" hits="122"/><line number="153" hits="242"/><line number="156" hits="114"/><line number="158" hits="6"/><line number="162" hits="4"/><line number="164" hits="0"/><line number="168" hits="2"/><line number="171" hits="2"/><line number="175" hits="0"/><line number="179" hits="114"/><line number="180" hits="222"/><line number="181" hits="108"/><line number="183" hits="6"/><line number="184" hits="6"/><line number="190" hits="7"/><line number="191" hits="14"/><line number="194" hits="0"/><line number="199" hits="111"/><line number="200" hits="222"/><line number="203" hits="222"/><line number="204" hits="222"/><line number="205" hits="111"/><line number="206" hits="222"/><line number="207" hits="222"/><line number="208" hits="222"/><line number="209" hits="111"/><line number="210" hits="222"/><line number="211" hits="111"/><line number="212" hits="111"/><line number="217" hits="222"/><line number="218" hits="222"/><line number="219" hits="111"/><line number="220" hits="222"/><line number="221" hits="222"/><line number="222" hits="222"/><line number="223" hits="111"/><line number="224" hits="222"/><line number="225" hits="111"/><line number="226" hits="111"/><line number="231" hits="222"/><line number="232" hits="222"/><line number="233" hits="111"/><line number="234" hits="222"/><line number="235" hits="222"/><line number="236" hits="222"/><line number="237" hits="111"/><line number="238" hits="222"/><line number="239" hits="111"/><line number="240" hits="111"/><line number="245" hits="222"/><line number="247" hits="111"/><line number="252" hits="91"/><line number="253" hits="182"/><line number="254" hits="0"/><line number="255" hits="0"/><line number="257" hits="0"/><line number="258" hits="0"/><line number="259" hits="0"/><line number="260" hits="0"/><line number="264" hits="91"/><line number="265" hits="0"/><line number="267" hits="91"/><line number="268" hits="0"/><line number="269" hits="0"/><line number="270" hits="0"/><line number="271" hits="0"/><line number="274" hits="91"/><line number="275" hits="0"/><line number="276" hits="0"/><line number="278" hits="91"/><line number="280" hits="0"/><line number="283" hits="0"/><line number="284" hits="0"/><line number="285" hits="0"/><line number="286" hits="0"/><line number="291" hits="0"/><line number="292" hits="0"/><line number="293" hits="0"/><line number="296" hits="0"/><line number="297" hits="0"/><line number="298" hits="0"/><line number="299" hits="0"/><line number="300" hits="0"/><line number="304" hits="0"/><line number="305" hits="0"/><line number="306" hits="0"/><line number="309" hits="0"/><line number="313" hits="179"/><line number="314" hits="537"/><line number="318" hits="34"/><line number="319" hits="102"/><line number="324" hits="1"/><line number="325" hits="4"/><line number="330" hits="1"/><line number="331" hits="3"/><line number="335" hits="24"/><line number="336" hits="72"/><line number="341" hits="5"/><line number="342" hits="15"/><line number="347" hits="3"/><line number="348" hits="3"/><line number="353" hits="0"/><line number="354" hits="0"/><line number="358" hits="27"/><line number="359" hits="80"/><line number="360" hits="26"/><line number="361" hits="26"/><line number="365" hits="1"/><line number="371" hits="3"/><line number="372" hits="8"/><line number="373" hits="2"/><line number="374" hits="0"/><line number="376" hits="1"/><line number="381" hits="31"/><line number="382" hits="62"/><line number="383" hits="33"/><line number="384" hits="4"/><line number="386" hits="62"/><line number="387" hits="33"/><line number="388" hits="4"/><line number="391" hits="31"/><line number="395" hits="24"/><line number="396" hits="72"/><line number="397" hits="70"/><line number="398" hits="35"/><line number="400" hits="11"/><line number="401" hits="0"/><line number="405" hits="11"/><line number="412" hits="150"/><line number="413" hits="300"/><line number="416" hits="156"/><line number="417" hits="156"/><line number="420" hits="13"/><line number="421" hits="13"/><line number="425" hits="2"/><line number="426" hits="2"/><line number="427" hits="4"/></lines></class><class name="git" filename="src/git.rs" line-rate="0.6875" branch-rate="0" complexity="0"><methods/><lines><line number="14" hits="142"/><line number="20" hits="2"/><line number="21" hits="2"/><line number="24" hits="260"/><line number="25" hits="260"/><line number="29" hits="109"/><line number="30" hits="109"/><line number="31" hits="86"/><line number="32" hits="86"/><line number="33" hits="86"/><line number="36" hits="172"/><line number="37" hits="86"/><line number="38" hits="86"/><line number="40" hits="86"/><line number="43" hits="0"/><line number="44" hits="0"/><line number="51" hits="23"/><line number="52" hits="1"/><line number="53" hits="1"/><line number="54" hits="1"/><line number="61" hits="0"/><line number="76" hits="1"/><line number="78" hits="21"/><line number="83" hits="12"/><line number="84" hits="12"/><line number="85" hits="4"/><line number="86" hits="4"/><line number="89" hits="4"/><line number="91" hits="0"/><line number="93" hits="8"/><line number="94" hits="3"/><line number="98" hits="4"/><line number="100" hits="5"/><line number="105" hits="13"/><line number="106" hits="13"/><line number="107" hits="6"/><line number="108" hits="3"/><line number="110" hits="0"/><line number="112" hits="10"/><line number="113" hits="3"/><line number="117" hits="9"/><line number="119" hits="0"/><line number="124" hits="0"/><line number="126" hits="9"/><line number="129" hits="18"/><line number="130" hits="9"/><line number="132" hits="0"/><line number="138" hits="18"/><line number="139" hits="36"/><line number="144" hits="0"/><line number="146" hits="18"/><line number="155" hits="0"/><line number="158" hits="0"/><line number="159" hits="0"/><line number="162" hits="0"/><line number="167" hits="7"/><line number="168" hits="7"/><line number="169" hits="4"/><line number="170" hits="4"/><line number="171" hits="8"/><line number="173" hits="4"/><line number="175" hits="0"/><line number="177" hits="3"/><line number="178" hits="3"/><line number="181" hits="1"/><line number="183" hits="1"/><line number="186" hits="1"/><line number="187" hits="1"/><line number="188" hits="2"/><line number="189" hits="1"/><line number="190" hits="3"/><line number="191" hits="2"/><line number="192" hits="1"/><line number="194" hits="1"/><line number="202" hits="1"/><line number="204" hits="0"/><line number="209" hits="1"/><line number="211" hits="0"/><line number="216" hits="3"/><line number="217" hits="3"/><line number="218" hits="0"/><line number="219" hits="0"/><line number="220" hits="0"/><line number="222" hits="0"/><line number="225" hits="0"/><line number="226" hits="0"/><line number="229" hits="3"/><line number="230" hits="3"/><line number="233" hits="1"/><line number="235" hits="1"/><line number="239" hits="1"/><line number="240" hits="1"/><line number="241" hits="2"/><line number="242" hits="1"/><line number="243" hits="3"/><line number="244" hits="2"/><line number="245" hits="1"/><line number="247" hits="1"/><line number="260" hits="1"/><line number="263" hits="0"/><line number="265" hits="0"/><line number="266" hits="0"/><line number="268" hits="0"/><line number="270" hits="0"/><line number="272" hits="0"/><line number="275" hits="0"/><line number="276" hits="0"/><line number="280" hits="0"/><line number="282" hits="0"/><line number="285" hits="0"/><line number="286" hits="0"/><line number="287" hits="0"/><line number="288" hits="0"/><line number="289" hits="0"/><line number="292" hits="0"/><line number="296" hits="0"/><line number="301" hits="6"/><line number="302" hits="24"/><line number="303" hits="3"/><line number="310" hits="5"/><line number="312" hits="0"/><line number="317" hits="1"/><line number="318" hits="2"/><line number="320" hits="9"/><line number="324" hits="2"/><line number="325" hits="6"/><line number="326" hits="6"/><line number="327" hits="3"/><line number="328" hits="4"/><line number="329" hits="3"/><line number="330" hits="3"/><line number="331" hits="3"/><line number="332" hits="1"/><line number="333" hits="0"/><line number="334" hits="0"/><line number="335" hits="0"/><line number="341" hits="5"/><line number="342" hits="5"/><line number="348" hits="0"/><line number="349" hits="0"/><line number="358" hits="116"/><line number="359" hits="116"/><line number="362" hits="104"/><line number="364" hits="12"/></lines></class><class name="main" filename="src/main.rs" line-rate="1" branch-rate="0" complexity="0"><methods/><lines><line number="16" hits="482"/><line number="18" hits="241"/><line number="20" hits="482"/><line number="23" hits="482"/><line number="26" hits="1022"/><line number="27" hits="299"/><line number="28" hits="241"/><line number="29" hits="241"/><line number="32" hits="583"/></lines></class><class name="repo" filename="src/repo.rs" line-rate="0.6231884057971014" branch-rate="0" complexity="0"><methods/><lines><line number="17" hits="46"/><line number="22" hits="56"/><line number="23" hits="56"/><line number="26" hits="112"/><line number="27" hits="14"/><line number="30" hits="0"/><line number="31" hits="2"/><line number="32" hits="1"/><line number="33" hits="1"/><line number="34" hits="1"/><line number="38" hits="2"/><line number="42" hits="13"/><line number="43" hits="14"/><line number="44" hits="0"/><line number="48" hits="12"/><line number="49" hits="24"/><line number="50" hits="0"/><line number="51" hits="0"/><line number="55" hits="6"/><line number="56" hits="6"/><line number="57" hits="6"/><line number="58" hits="6"/><line number="59" hits="6"/><line number="60" hits="6"/><line number="61" hits="6"/><line number="66" hits="82"/><line number="68" hits="137"/><line number="72" hits="2"/><line number="76" hits="156"/><line number="77" hits="6"/><line number="83" hits="2"/><line number="86" hits="200"/><line number="88" hits="11"/><line number="92" hits="212"/><line number="97" hits="4"/><line number="103" hits="30"/><line number="104" hits="0"/><line number="108" hits="58"/><line number="109" hits="58"/><line number="110" hits="1990"/><line number="112" hits="28"/><line number="113" hits="5"/><line number="116" hits="75"/><line number="117" hits="25"/><line number="118" hits="75"/><line number="119" hits="75"/><line number="120" hits="50"/><line number="121" hits="25"/><line number="127" hits="48"/><line number="131" hits="58"/><line number="132" hits="4"/><line number="136" hits="16"/><line number="138" hits="0"/><line number="139" hits="16"/><line number="141" hits="0"/><line number="145" hits="16"/><line number="146" hits="15"/><line number="148" hits="7"/><line number="151" hits="17"/><line number="152" hits="17"/><line number="153" hits="203"/><line number="155" hits="8"/><line number="156" hits="1"/><line number="158" hits="8"/><line number="159" hits="24"/><line number="160" hits="24"/><line number="161" hits="8"/><line number="162" hits="8"/><line number="166" hits="7"/><line number="170" hits="26"/><line number="171" hits="26"/><line number="174" hits="13"/><line number="175" hits="26"/><line number="178" hits="29"/><line number="181" hits="18"/><line number="182" hits="3"/><line number="187" hits="0"/><line number="188" hits="0"/><line number="190" hits="14"/><line number="191" hits="0"/><line number="194" hits="0"/><line number="196" hits="0"/><line number="197" hits="0"/><line number="200" hits="0"/><line number="201" hits="0"/><line number="202" hits="0"/><line number="204" hits="0"/><line number="205" hits="0"/><line number="206" hits="0"/><line number="211" hits="12"/><line number="212" hits="6"/><line number="213" hits="6"/><line number="218" hits="6"/><line number="219" hits="6"/><line number="220" hits="6"/><line number="225" hits="15"/><line number="228" hits="4"/><line number="229" hits="3"/><line number="234" hits="0"/><line number="235" hits="0"/><line number="237" hits="0"/><line number="238" hits="0"/><line number="242" hits="0"/><line number="247" hits="0"/><line number="250" hits="0"/><line number="251" hits="0"/><line number="252" hits="0"/><line number="253" hits="0"/><line number="254" hits="0"/><line number="259" hits="0"/><line number="262" hits="0"/><line number="263" hits="0"/><line number="264" hits="0"/><line number="266" hits="0"/><line number="269" hits="0"/><line number="270" hits="0"/><line number="272" hits="0"/><line number="273" hits="0"/><line number="274" hits="0"/><line number="275" hits="0"/><line number="277" hits="0"/><line number="280" hits="0"/><line number="281" hits="0"/><line number="285" hits="7"/><line number="286" hits="14"/><line number="289" hits="14"/><line number="290" hits="7"/><line number="291" hits="7"/><line number="292" hits="7"/><line number="293" hits="7"/><line number="298" hits="0"/><line number="299" hits="0"/><line number="302" hits="0"/><line number="303" hits="0"/><line number="304" hits="0"/><line number="305" hits="0"/><line number="308" hits="0"/><line number="309" hits="0"/></lines></class><class name="secrets" filename="src/secrets.rs" line-rate="0.8110599078341014" branch-rate="0" complexity="0"><methods/><lines><line number="27" hits="75"/><line number="44" hits="35"/><line number="45" hits="70"/><line number="46" hits="25"/><line number="50" hits="28"/><line number="51" hits="40"/><line number="53" hits="8"/><line number="57" hits="18"/><line number="58" hits="54"/><line number="61" hits="36"/><line number="62" hits="54"/><line number="64" hits="17"/><line number="65" hits="51"/><line number="69" hits="24"/><line number="72" hits="8"/><line number="74" hits="0"/><line number="77" hits="8"/><line number="81" hits="8"/><line number="86" hits="8"/><line number="87" hits="11"/><line number="90" hits="24"/><line number="91" hits="4"/><line number="96" hits="4"/><line number="97" hits="1"/><line number="101" hits="10"/><line number="102" hits="2"/><line number="107" hits="8"/><line number="108" hits="11"/><line number="111" hits="24"/><line number="112" hits="4"/><line number="117" hits="4"/><line number="118" hits="1"/><line number="122" hits="10"/><line number="123" hits="2"/><line number="127" hits="8"/><line number="128" hits="16"/><line number="129" hits="16"/><line number="130" hits="16"/><line number="131" hits="5"/><line number="134" hits="12"/><line number="135" hits="20"/><line number="137" hits="4"/><line number="140" hits="2"/><line number="141" hits="6"/><line number="142" hits="8"/><line number="144" hits="4"/><line number="146" hits="2"/><line number="148" hits="72"/><line number="151" hits="84"/><line number="152" hits="42"/><line number="153" hits="56"/><line number="154" hits="28"/><line number="156" hits="56"/><line number="158" hits="22"/><line number="159" hits="16"/><line number="160" hits="16"/><line number="169" hits="46"/><line number="170" hits="85"/><line number="171" hits="7"/><line number="175" hits="76"/><line number="177" hits="1"/><line number="218" hits="1052"/><line number="219" hits="688"/><line number="221" hits="29"/><line number="228" hits="22"/><line number="233" hits="14"/><line number="234" hits="27"/><line number="235" hits="1"/><line number="238" hits="26"/><line number="241" hits="26"/><line number="243" hits="1"/><line number="286" hits="348"/><line number="287" hits="168"/><line number="288" hits="20"/><line number="289" hits="60"/><line number="290" hits="60"/><line number="292" hits="148"/><line number="298" hits="12"/><line number="303" hits="3"/><line number="305" hits="3"/><line number="309" hits="13"/><line number="310" hits="38"/><line number="311" hits="1"/><line number="313" hits="11"/><line number="314" hits="1"/><line number="322" hits="2"/><line number="323" hits="3"/><line number="324" hits="2"/><line number="325" hits="2"/><line number="326" hits="2"/><line number="329" hits="0"/><line number="330" hits="0"/><line number="333" hits="5"/><line number="336" hits="1"/><line number="337" hits="1"/><line number="340" hits="2"/><line number="341" hits="2"/><line number="342" hits="0"/><line number="343" hits="1"/><line number="350" hits="0"/><line number="351" hits="0"/><line number="354" hits="0"/><line number="355" hits="0"/><line number="356" hits="0"/><line number="361" hits="0"/><line number="366" hits="0"/><line number="367" hits="0"/><line number="371" hits="0"/><line number="372" hits="0"/><line number="376" hits="3"/><line number="381" hits="9"/><line number="382" hits="7"/><line number="383" hits="2"/><line number="384" hits="0"/><line number="386" hits="2"/><line number="389" hits="2"/><line number="390" hits="0"/><line number="392" hits="3"/><line number="393" hits="0"/><line number="395" hits="3"/><line number="396" hits="3"/><line number="397" hits="1"/><line number="400" hits="1"/><line number="405" hits="0"/><line number="406" hits="0"/><line number="407" hits="0"/><line number="410" hits="3"/><line number="411" hits="1"/><line number="416" hits="3"/><line number="421" hits="6"/><line number="422" hits="0"/><line number="424" hits="3"/><line number="427" hits="6"/><line number="429" hits="0"/><line number="430" hits="0"/><line number="431" hits="0"/><line number="432" hits="0"/><line number="434" hits="0"/><line number="440" hits="3"/><line number="445" hits="0"/><line number="446" hits="2"/><line number="451" hits="2"/><line number="453" hits="4"/><line number="454" hits="8"/><line number="455" hits="2"/><line number="456" hits="2"/><line number="457" hits="0"/><line number="459" hits="2"/><line number="462" hits="0"/><line number="463" hits="0"/><line number="464" hits="0"/><line number="472" hits="1"/><line number="474" hits="1"/><line number="479" hits="1"/><line number="484" hits="2"/><line number="485" hits="1"/><line number="486" hits="1"/><line number="487" hits="2"/><line number="489" hits="0"/><line number="497" hits="1"/><line number="498" hits="3"/><line number="499" hits="3"/><line number="500" hits="3"/><line number="501" hits="1"/><line number="506" hits="1"/><line number="507" hits="5"/><line number="511" hits="0"/><line number="513" hits="1"/><line number="517" hits="4"/><line number="522" hits="4"/><line number="525" hits="8"/><line number="526" hits="4"/><line number="527" hits="4"/><line number="532" hits="0"/><line number="534" hits="6"/><line number="535" hits="4"/><line number="537" hits="6"/><line number="541" hits="14"/><line number="542" hits="1"/><line number="543" hits="1"/><line number="545" hits="2"/><line number="547" hits="0"/><line number="553" hits="1"/><line number="560" hits="0"/><line number="561" hits="0"/><line number="562" hits="0"/><line number="568" hits="4"/><line number="569" hits="6"/><line number="571" hits="4"/><line number="573" hits="2"/><line number="574" hits="4"/><line number="576" hits="6"/><line number="578" hits="0"/><line number="580" hits="4"/><line number="581" hits="2"/><line number="584" hits="4"/><line number="589" hits="5"/><line number="592" hits="6"/><line number="593" hits="3"/><line number="594" hits="2"/><line number="599" hits="0"/><line number="603" hits="4"/><line number="604" hits="4"/><line number="606" hits="2"/><line number="607" hits="4"/><line number="609" hits="6"/><line number="611" hits="0"/><line number="613" hits="4"/><line number="614" hits="2"/><line number="618" hits="6"/><line number="619" hits="11"/><line number="621" hits="32"/><line number="622" hits="20"/><line number="624" hits="2"/><line number="627" hits="14"/><line number="628" hits="1"/><line number="632" hits="4"/></lines></class><class name="utils" filename="src/utils.rs" line-rate="0.8571428571428571" branch-rate="0" complexity="0"><methods/><lines><line number="9" hits="20"/><line number="10" hits="39"/><line number="13" hits="2"/><line number="18" hits="1"/><line number="19" hits="2"/><line number="24" hits="2"/><line number="25" hits="4"/><line number="26" hits="1"/><line number="27" hits="3"/><line number="28" hits="3"/><line number="30" hits="0"/><line number="35" hits="4"/><line number="36" hits="0"/><line number="41" hits="2"/><line number="46" hits="2"/><line number="51" hits="40"/><line number="52" hits="80"/><line number="53" hits="118"/><line number="59" hits="10"/><line number="60" hits="21"/><line number="65" hits="3"/><line number="66" hits="3"/><line number="67" hits="0"/><line number="70" hits="9"/><line number="71" hits="6"/><line number="75" hits="3"/><line number="76" hits="3"/><line number="77" hits="0"/><line number="80" hits="3"/><line number="81" hits="3"/><line number="82" hits="0"/><line number="87" hits="9"/><line number="88" hits="18"/><line number="90" hits="24"/><line number="94" hits="36"/><line number="96" hits="48"/><line number="97" hits="12"/><line number="98" hits="9"/><line number="100" hits="3"/><line number="101" hits="3"/><line number="103" hits="0"/><line number="110" hits="10"/><line number="111" hits="20"/><line number="112" hits="10"/><line number="113" hits="20"/><line number="114" hits="20"/><line number="115" hits="20"/><line number="116" hits="20"/><line number="117" hits="10"/><line number="118" hits="10"/><line number="121" hits="30"/><line number="122" hits="10"/><line number="124" hits="121"/><line number="129" hits="1"/><line number="130" hits="4"/><line number="131" hits="2"/><line number="132" hits="1"/><line number="133" hits="0"/><line number="134" hits="0"/><line number="135" hits="0"/><line number="136" hits="0"/><line number="137" hits="1"/><line number="141" hits="9"/><line number="142" hits="36"/><line number="143" hits="18"/><line number="144" hits="9"/><line number="145" hits="9"/><line number="149" hits="0"/><line number="150" hits="9"/><line number="154" hits="14"/><line number="161" hits="28"/><line number="162" hits="18"/><line number="164" hits="2"/><line number="166" hits="1"/><line number="171" hits="8"/><line number="172" hits="1"/><line number="184" hits="7"/><line number="185" hits="20"/><line number="194" hits="7"/><line number="195" hits="0"/><line number="197" hits="7"/><line number="202" hits="24"/><line number="203" hits="0"/><line number="208" hits="12"/><line number="213" hits="12"/><line number="217" hits="4"/><line number="218" hits="4"/><line number="219" hits="1"/><line number="220" hits="1"/><line number="221" hits="1"/><line number="225" hits="3"/><line number="227" hits="2"/><line number="228" hits="2"/><line number="236" hits="2"/><line number="239" hits="2"/><line number="240" hits="0"/><line number="245" hits="1"/><line number="250" hits="1"/></lines></class></classes></package><package name="tests" line-rate="0" branch-rate="0" complexity="0"><classes></classes></package></packages></coverage>